<?xml version="1.0" encoding="UTF-8"?>
<testsuite name="com.appixiplugin.vrplayer.ExampleUnitTest" tests="1" skipped="0" failures="0" errors="0" timestamp="2020-10-29T08:02:39" hostname="Nguyens-MacBook-Pro.local" time="0.001">
  <properties/>
  <testcase name="addition_isCorrect" classname="com.appixiplugin.vrplayer.ExampleUnitTest" time="0.001"/>
  <system-out><![CDATA[]]></system-out>
  <system-err><![CDATA[]]></system-err>
</testsuite>
